#
# There is insufficient memory for the Java Runtime Environment to continue.
# Native memory allocation (malloc) failed to allocate 1048576 bytes for AllocateHeap
# Possible reasons:
#   The system is out of physical RAM or swap space
#   The process is running with CompressedOops enabled, and the Java Heap may be blocking the growth of the native heap
# Possible solutions:
#   Reduce memory load on the system
#   Increase physical memory or swap space
#   Check if swap backing store is full
#   Decrease Java heap size (-Xmx/-Xms)
#   Decrease number of Java threads
#   Decrease Java thread stack sizes (-Xss)
#   Set larger code cache with -XX:ReservedCodeCacheSize=
#   JVM is running with Unscaled Compressed Oops mode in which the Java heap is
#     placed in the first 4GB address space. The Java Heap base address is the
#     maximum limit for the native heap growth. Please use -XX:HeapBaseMinAddress
#     to set the Java Heap base and to place the Java Heap above 4GB virtual address.
# This output file may be truncated or incomplete.
#
#  Out of Memory Error (allocation.cpp:44), pid=37720, tid=37788
#
# JRE version:  (19.0.2+7) (build )
# Java VM: Java HotSpot(TM) 64-Bit Server VM (19.0.2+7-44, mixed mode, sharing, tiered, compressed oops, compressed class ptrs, g1 gc, windows-amd64)
# No core dump will be written. Minidumps are not enabled by default on client versions of Windows
#

---------------  S U M M A R Y ------------

Command Line: -Dfile.encoding=UTF-8 --module-path=C:\Users\shive\OneDrive\Documents\NetBeansProjects\ATM management system\build\classes atm.management.system.SignupOne

Host: AMD Ryzen 5 5500U with Radeon Graphics         , 12 cores, 7G,  Windows 10 , 64 bit Build 19041 (10.0.19041.2546)
Time: Wed Apr  5 18:28:34 2023 India Standard Time elapsed time: 0.023740 seconds (0d 0h 0m 0s)

---------------  T H R E A D  ---------------

Current thread (0x0000014349668c00):  JavaThread "Unknown thread" [_thread_in_vm, id=37788, stack(0x000000265ba00000,0x000000265bb00000)]

Stack: [0x000000265ba00000,0x000000265bb00000]
Native frames: (J=compiled Java code, j=interpreted, Vv=VM code, C=native code)
V  [jvm.dll+0x6ee21a]
V  [jvm.dll+0x85765e]
V  [jvm.dll+0x85904e]
V  [jvm.dll+0x859703]
V  [jvm.dll+0x28298f]
V  [jvm.dll+0xc406b]
V  [jvm.dll+0x32a5d9]
V  [jvm.dll+0x82174b]
V  [jvm.dll+0x3c2661]
V  [jvm.dll+0x801f51]
V  [jvm.dll+0x44ae8f]
V  [jvm.dll+0x44c811]
C  [jli.dll+0x5287]
C  [ucrtbase.dll+0x21bb2]
C  [KERNEL32.DLL+0x17614]
C  [ntdll.dll+0x526a1]


---------------  P R O C E S S  ---------------

Threads class SMR info:
_java_thread_list=0x00007ffbfc9cd048, length=0, elements={
}

Java Threads: ( => current thread )

Other Threads:

=>0x0000014349668c00 (exited) JavaThread "Unknown thread" [_thread_in_vm, id=37788, stack(0x000000265ba00000,0x000000265bb00000)]

Threads with active compile tasks:

VM state: not at safepoint (not fully initialized)

VM Mutex/Monitor currently owned by a thread: None

Heap address: 0x0000000000000000, size: 0 MB, Compressed Oops mode: 32-bit

CDS archive(s) mapped at: [0x0000000000000000-0x0000000000000000-0x0000000000000000), size 0, SharedBaseAddress: 0x0000000800000000, ArchiveRelocationMode: 0.
Narrow klass base: 0x0000000000000000, Narrow klass shift: 0, Narrow klass range: 0x0

GC Precious Log:
 CardTable entry size: 512
 Card Set container configuration: InlinePtr #cards 5 size 8 Array Of Cards #cards 12 size 40 Howl #buckets 4 coarsen threshold 1843 Howl Bitmap #cards 512 size 80 coarsen threshold 460 Card regions per heap region 1 cards per card region 2048

GC Heap History (0 events):
No events

Dll operation events (1 events):
Event: 0.015 Loaded shared library C:\Program Files\Java\jdk-19\bin\java.dll

Deoptimization events (0 events):
No events

Classes loaded (0 events):
No events

Classes unloaded (0 events):
No events

Classes redefined (0 events):
No events

Internal exceptions (0 events):
No events

VM Operations (0 events):
No events

Events (0 events):
No events


Dynamic libraries:
0x00007ff640900000 - 0x00007ff640910000 	C:\Program Files\Java\jdk-19\bin\java.exe
0x00007ffc7ae10000 - 0x00007ffc7b008000 	C:\WINDOWS\SYSTEM32\ntdll.dll
0x00007ffc79810000 - 0x00007ffc798cf000 	C:\WINDOWS\System32\KERNEL32.DLL
0x00007ffc789c0000 - 0x00007ffc78c92000 	C:\WINDOWS\System32\KERNELBASE.dll
0x00007ffc785a0000 - 0x00007ffc786a0000 	C:\WINDOWS\System32\ucrtbase.dll
0x00007ffc5d9b0000 - 0x00007ffc5d9cb000 	C:\Program Files\Java\jdk-19\bin\VCRUNTIME140.dll
0x00007ffc71470000 - 0x00007ffc71488000 	C:\Program Files\Java\jdk-19\bin\jli.dll
0x00007ffc78e50000 - 0x00007ffc78efe000 	C:\WINDOWS\System32\ADVAPI32.dll
0x00007ffc79770000 - 0x00007ffc7980e000 	C:\WINDOWS\System32\msvcrt.dll
0x00007ffc798d0000 - 0x00007ffc7996c000 	C:\WINDOWS\System32\sechost.dll
0x00007ffc7a5f0000 - 0x00007ffc7a715000 	C:\WINDOWS\System32\RPCRT4.dll
0x00007ffc795c0000 - 0x00007ffc79761000 	C:\WINDOWS\System32\USER32.dll
0x00007ffc78570000 - 0x00007ffc78592000 	C:\WINDOWS\System32\win32u.dll
0x00007ffc7ab20000 - 0x00007ffc7ab4b000 	C:\WINDOWS\System32\GDI32.dll
0x00007ffc61440000 - 0x00007ffc616da000 	C:\WINDOWS\WinSxS\amd64_microsoft.windows.common-controls_6595b64144ccf1df_6.0.19041.1110_none_60b5254171f9507e\COMCTL32.dll
0x00007ffc786a0000 - 0x00007ffc787af000 	C:\WINDOWS\System32\gdi32full.dll
0x00007ffc78840000 - 0x00007ffc788dd000 	C:\WINDOWS\System32\msvcp_win.dll
0x00007ffc70400000 - 0x00007ffc7040a000 	C:\WINDOWS\SYSTEM32\VERSION.dll
0x00007ffc7aae0000 - 0x00007ffc7ab12000 	C:\WINDOWS\System32\IMM32.DLL
0x00007ffc558e0000 - 0x00007ffc558ec000 	C:\Program Files\Java\jdk-19\bin\vcruntime140_1.dll
0x00007ffc2a4c0000 - 0x00007ffc2a54e000 	C:\Program Files\Java\jdk-19\bin\msvcp140.dll
0x00007ffbfbe50000 - 0x00007ffbfcb10000 	C:\Program Files\Java\jdk-19\bin\server\jvm.dll
0x00007ffc6a3f0000 - 0x00007ffc6a417000 	C:\WINDOWS\SYSTEM32\WINMM.dll
0x00007ffc639a0000 - 0x00007ffc639a9000 	C:\WINDOWS\SYSTEM32\WSOCK32.dll
0x00007ffc7ad60000 - 0x00007ffc7adcb000 	C:\WINDOWS\System32\WS2_32.dll
0x00007ffc763a0000 - 0x00007ffc763b2000 	C:\WINDOWS\SYSTEM32\kernel.appcore.dll
0x00007ffc558d0000 - 0x00007ffc558da000 	C:\Program Files\Java\jdk-19\bin\jimage.dll
0x00007ffc6cf10000 - 0x00007ffc6d0f4000 	C:\WINDOWS\SYSTEM32\DBGHELP.DLL
0x00007ffc672b0000 - 0x00007ffc672e5000 	C:\WINDOWS\SYSTEM32\dbgcore.DLL
0x00007ffc787b0000 - 0x00007ffc78832000 	C:\WINDOWS\System32\bcryptPrimitives.dll
0x00007ffc4baa0000 - 0x00007ffc4bac6000 	C:\Program Files\Java\jdk-19\bin\java.dll

dbghelp: loaded successfully - version: 4.0.5 - missing functions: none
symbol engine: initialized successfully - sym options: 0x614 - pdb path: .;C:\Program Files\Java\jdk-19\bin;C:\WINDOWS\SYSTEM32;C:\WINDOWS\WinSxS\amd64_microsoft.windows.common-controls_6595b64144ccf1df_6.0.19041.1110_none_60b5254171f9507e;C:\Program Files\Java\jdk-19\bin\server

VM Arguments:
jvm_args: -Dfile.encoding=UTF-8 --module-path=C:\Users\shive\OneDrive\Documents\NetBeansProjects\ATM management system\build\classes 
java_command: atm.management.system.SignupOne
java_class_path (initial): C:\Users\shive\OneDrive\Documents\NetBeansProjects\ATM management system\build\classes
Launcher Type: SUN_STANDARD

[Global flags]
     intx CICompilerCount                          = 4                                         {product} {ergonomic}
     uint ConcGCThreads                            = 3                                         {product} {ergonomic}
     uint G1ConcRefinementThreads                  = 10                                        {product} {ergonomic}
   size_t G1HeapRegionSize                         = 1048576                                   {product} {ergonomic}
    uintx GCDrainStackTargetSize                   = 64                                        {product} {ergonomic}
   size_t InitialHeapSize                          = 123731968                                 {product} {ergonomic}
   size_t MarkStackSize                            = 4194304                                   {product} {ergonomic}
   size_t MaxHeapSize                              = 1973420032                                {product} {ergonomic}
   size_t MinHeapDeltaBytes                        = 1048576                                   {product} {ergonomic}
   size_t MinHeapSize                              = 8388608                                   {product} {ergonomic}
    uintx NonNMethodCodeHeapSize                   = 5839372                                {pd product} {ergonomic}
    uintx NonProfiledCodeHeapSize                  = 122909434                              {pd product} {ergonomic}
    uintx ProfiledCodeHeapSize                     = 122909434                              {pd product} {ergonomic}
    uintx ReservedCodeCacheSize                    = 251658240                              {pd product} {ergonomic}
     bool SegmentedCodeCache                       = true                                      {product} {ergonomic}
   size_t SoftMaxHeapSize                          = 1973420032                             {manageable} {ergonomic}
     bool UseCompressedClassPointers               = true                           {product lp64_product} {ergonomic}
     bool UseCompressedOops                        = true                           {product lp64_product} {ergonomic}
     bool UseG1GC                                  = true                                      {product} {ergonomic}
     bool UseLargePagesIndividualAllocation        = false                                  {pd product} {ergonomic}

Logging:
Log output configuration:
 #0: stdout all=warning uptime,level,tags foldmultilines=false
 #1: stderr all=off uptime,level,tags foldmultilines=false

Environment Variables:
PATH=C:\Program Files\Common Files\Oracle\Java\javapath;C:\WINDOWS\system32;C:\WINDOWS;C:\WINDOWS\System32\Wbem;C:\WINDOWS\System32\WindowsPowerShell\v1.0\;C:\WINDOWS\System32\OpenSSH\;C:\Program Files\Java\jdk-19\bin;C:\Program Files\MySQL\MySQL Shell 8.0\bin\;C:\Users\shive\AppData\Local\Microsoft\WindowsApps;
USERNAME=shive
OS=Windows_NT
PROCESSOR_IDENTIFIER=AMD64 Family 23 Model 104 Stepping 1, AuthenticAMD
TMP=C:\Users\shive\AppData\Local\Temp
TEMP=C:\Users\shive\AppData\Local\Temp



---------------  S Y S T E M  ---------------

OS:
 Windows 10 , 64 bit Build 19041 (10.0.19041.2546)
OS uptime: 42 days 3:59 hours

CPU: total 12 (initial active 12) (12 cores per cpu, 2 threads per core) family 23 model 104 stepping 1 microcode 0x0, cx8, cmov, fxsr, ht, mmx, 3dnowpref, sse, sse2, sse3, ssse3, sse4a, sse4.1, sse4.2, popcnt, lzcnt, tsc, tscinvbit, avx, avx2, aes, clmul, bmi1, bmi2, adx, sha, fma, vzeroupper, clflush, clflushopt, rdtscp, rdpid

Memory: 4k page, system-wide physical 7521M (881M free)
TotalPageFile size 31073M (AvailPageFile size 6M)
current process WorkingSet (physical memory assigned to process): 9M, peak: 9M
current process commit charge ("private bytes"): 15M, peak: 16M

vm_info: Java HotSpot(TM) 64-Bit Server VM (19.0.2+7-44) for windows-amd64 JRE (19.0.2+7-44), built on 2022-11-30T18:02:09Z by "mach5one" with MS VC++ 17.1 (VS2022)

END.
